2017-06-30 19:05:48 [scrapy.utils.log] INFO: Scrapy 1.4.0 started (bot: WuLiSpider)
2017-06-30 19:05:48 [scrapy.utils.log] INFO: Overridden settings: {'SCHEDULER': 'scrapy_redis.scheduler.Scheduler', 'COOKIES_ENABLED': False, 'BOT_NAME': 'WuLiSpider', 'DOWNLOAD_DELAY': 3, 'DUPEFILTER_CLASS': 'scrapy_redis.dupefilter.RFPDupeFilter', 'REDIRECT_ENABLED': False, 'SPIDER_MODULES': ['WuLiSpider.spiders'], 'LOG_FILE': 'logs\\myproject\\news\\0dfefa145d8411e7aa51b46d834d3ab8.log', 'NEWSPIDER_MODULE': 'WuLiSpider.spiders'}
2017-06-30 19:05:48 [scrapy.middleware] INFO: Enabled extensions:
['scrapy.extensions.telnet.TelnetConsole',
 'scrapy.extensions.corestats.CoreStats',
 'scrapy.extensions.logstats.LogStats']
2017-06-30 19:05:48 [news] INFO: Reading start URLs from redis key 'news.sina.com.cn:start_urls' (batch size: 16, encoding: utf-8
2017-06-30 19:05:48 [py.warnings] WARNING: e:\学习工作\学习\java语言程序设计\64λ\python\lib\site-packages\scrapy\utils\deprecate.py:156: ScrapyDeprecationWarning: `scrapy.contrib.downloadermiddleware.useragent.UserAgentMiddleware` class is deprecated, use `scrapy.downloadermiddlewares.useragent.UserAgentMiddleware` instead
  ScrapyDeprecationWarning)

2017-06-30 19:05:48 [scrapy.middleware] INFO: Enabled downloader middlewares:
['WuLiSpider.middlewares.JSPageMiddleware',
 'scrapy.downloadermiddlewares.httpauth.HttpAuthMiddleware',
 'scrapy.downloadermiddlewares.downloadtimeout.DownloadTimeoutMiddleware',
 'scrapy.downloadermiddlewares.defaultheaders.DefaultHeadersMiddleware',
 'WuLiSpider.middlewares.RandomUserAgentMiddlware',
 'scrapy.downloadermiddlewares.retry.RetryMiddleware',
 'scrapy.downloadermiddlewares.redirect.MetaRefreshMiddleware',
 'scrapy.downloadermiddlewares.httpcompression.HttpCompressionMiddleware',
 'scrapy.downloadermiddlewares.httpproxy.HttpProxyMiddleware',
 'scrapy.downloadermiddlewares.stats.DownloaderStats']
2017-06-30 19:05:48 [scrapy.middleware] INFO: Enabled spider middlewares:
['scrapy.spidermiddlewares.httperror.HttpErrorMiddleware',
 'scrapy.spidermiddlewares.offsite.OffsiteMiddleware',
 'scrapy.spidermiddlewares.referer.RefererMiddleware',
 'scrapy.spidermiddlewares.urllength.UrlLengthMiddleware',
 'scrapy.spidermiddlewares.depth.DepthMiddleware']
2017-06-30 19:05:48 [scrapy.middleware] INFO: Enabled item pipelines:
['scrapy_redis.pipelines.RedisPipeline',
 'WuLiSpider.pipelines.MysqlTwistedPipline']
2017-06-30 19:05:48 [scrapy.core.engine] INFO: Spider opened
2017-06-30 19:05:48 [scrapy.extensions.logstats] INFO: Crawled 0 pages (at 0 pages/min), scraped 0 items (at 0 items/min)
2017-06-30 19:05:48 [scrapy.extensions.telnet] DEBUG: Telnet console listening on 127.0.0.1:6023
2017-06-30 19:05:48 [news] DEBUG: Read 1 requests from 'news.sina.com.cn:start_urls'
2017-06-30 19:05:48 [scrapy.core.engine] DEBUG: Crawled (200) <GET http://news.sina.com.cn> (referer: None)
2017-06-30 19:05:49 [scrapy_redis.dupefilter] DEBUG: Filtered duplicate request <GET http://news.sina.com.cn/> - no more duplicates will be shown (see DUPEFILTER_DEBUG to show all duplicates)
2017-06-30 19:05:49 [scrapy.core.engine] DEBUG: Crawled (200) <GET http://roll.news.sina.com.cn/s/channel.php?ch=01> (referer: http://news.sina.com.cn)
2017-06-30 19:05:49 [scrapy.core.engine] DEBUG: Crawled (200) <GET http://mil.news.sina.com.cn/> (referer: http://news.sina.com.cn)
2017-06-30 19:05:49 [scrapy.core.engine] DEBUG: Crawled (302) <GET http://survey.news.sina.com.cn/> (referer: http://news.sina.com.cn)
2017-06-30 19:05:49 [scrapy.core.engine] DEBUG: Crawled (200) <GET http://slide.news.sina.com.cn/s/slide_1_2841_173399.html> (referer: http://news.sina.com.cn)
2017-06-30 19:05:49 [scrapy.core.engine] DEBUG: Crawled (200) <GET http://sky.news.sina.com.cn/> (referer: http://news.sina.com.cn)
2017-06-30 19:05:49 [scrapy.spidermiddlewares.httperror] INFO: Ignoring response <302 http://survey.news.sina.com.cn/>: HTTP status code is not handled or not allowed
2017-06-30 19:05:50 [scrapy.core.scraper] ERROR: Spider error processing <GET http://slide.news.sina.com.cn/s/slide_1_2841_173399.html> (referer: http://news.sina.com.cn)
Traceback (most recent call last):
  File "e:\学习工作\学习\java语言程序设计\64λ\python\lib\site-packages\scrapy\utils\defer.py", line 102, in iter_errback
    yield next(it)
  File "e:\学习工作\学习\java语言程序设计\64λ\python\lib\site-packages\scrapy\spidermiddlewares\offsite.py", line 29, in process_spider_output
    for x in result:
  File "e:\学习工作\学习\java语言程序设计\64λ\python\lib\site-packages\scrapy\spidermiddlewares\referer.py", line 339, in <genexpr>
    return (_set_referer(r) for r in result or ())
  File "e:\学习工作\学习\java语言程序设计\64λ\python\lib\site-packages\scrapy\spidermiddlewares\urllength.py", line 37, in <genexpr>
    return (r for r in result or () if _filter(r))
  File "e:\学习工作\学习\java语言程序设计\64λ\python\lib\site-packages\scrapy\spidermiddlewares\depth.py", line 58, in <genexpr>
    return (r for r in result or () if _filter(r))
  File "c:\users\admini~1\appdata\local\temp\myproject-1498820703-3aaana9n.egg\WuLiSpider\spiders\NewsSpider.py", line 43, in parse_detail
    json1 = json.loads(InformationExtraction.getInformationByHtml(response.body.decode()))
UnicodeDecodeError: 'utf-8' codec can't decode byte 0xb9 in position 105: invalid start byte
2017-06-30 19:05:52 [scrapy.core.engine] DEBUG: Crawled (200) <GET http://news.sina.com.cn#jump0> (referer: http://news.sina.com.cn)
2017-06-30 19:05:53 [scrapy.core.engine] DEBUG: Crawled (200) <GET http://slide.news.sina.com.cn/s/slide_1_2841_173415.html> (referer: http://news.sina.com.cn)
2017-06-30 19:05:54 [scrapy.core.scraper] ERROR: Spider error processing <GET http://slide.news.sina.com.cn/s/slide_1_2841_173415.html> (referer: http://news.sina.com.cn)
Traceback (most recent call last):
  File "e:\学习工作\学习\java语言程序设计\64λ\python\lib\site-packages\scrapy\utils\defer.py", line 102, in iter_errback
    yield next(it)
  File "e:\学习工作\学习\java语言程序设计\64λ\python\lib\site-packages\scrapy\spidermiddlewares\offsite.py", line 29, in process_spider_output
    for x in result:
  File "e:\学习工作\学习\java语言程序设计\64λ\python\lib\site-packages\scrapy\spidermiddlewares\referer.py", line 339, in <genexpr>
    return (_set_referer(r) for r in result or ())
  File "e:\学习工作\学习\java语言程序设计\64λ\python\lib\site-packages\scrapy\spidermiddlewares\urllength.py", line 37, in <genexpr>
    return (r for r in result or () if _filter(r))
  File "e:\学习工作\学习\java语言程序设计\64λ\python\lib\site-packages\scrapy\spidermiddlewares\depth.py", line 58, in <genexpr>
    return (r for r in result or () if _filter(r))
  File "c:\users\admini~1\appdata\local\temp\myproject-1498820703-3aaana9n.egg\WuLiSpider\spiders\NewsSpider.py", line 43, in parse_detail
    json1 = json.loads(InformationExtraction.getInformationByHtml(response.body.decode()))
UnicodeDecodeError: 'utf-8' codec can't decode byte 0xb4 in position 105: invalid start byte
2017-06-30 19:05:55 [scrapy.core.engine] DEBUG: Crawled (200) <GET http://news.sina.com.cn/guide/> (referer: http://news.sina.com.cn)
2017-06-30 19:05:57 [scrapy.core.engine] DEBUG: Crawled (200) <GET http://slide.news.sina.com.cn/s/slide_1_2841_173446.html> (referer: http://news.sina.com.cn)
2017-06-30 19:05:57 [scrapy.core.scraper] ERROR: Spider error processing <GET http://slide.news.sina.com.cn/s/slide_1_2841_173446.html> (referer: http://news.sina.com.cn)
Traceback (most recent call last):
  File "e:\学习工作\学习\java语言程序设计\64λ\python\lib\site-packages\scrapy\utils\defer.py", line 102, in iter_errback
    yield next(it)
  File "e:\学习工作\学习\java语言程序设计\64λ\python\lib\site-packages\scrapy\spidermiddlewares\offsite.py", line 29, in process_spider_output
    for x in result:
  File "e:\学习工作\学习\java语言程序设计\64λ\python\lib\site-packages\scrapy\spidermiddlewares\referer.py", line 339, in <genexpr>
    return (_set_referer(r) for r in result or ())
  File "e:\学习工作\学习\java语言程序设计\64λ\python\lib\site-packages\scrapy\spidermiddlewares\urllength.py", line 37, in <genexpr>
    return (r for r in result or () if _filter(r))
  File "e:\学习工作\学习\java语言程序设计\64λ\python\lib\site-packages\scrapy\spidermiddlewares\depth.py", line 58, in <genexpr>
    return (r for r in result or () if _filter(r))
  File "c:\users\admini~1\appdata\local\temp\myproject-1498820703-3aaana9n.egg\WuLiSpider\spiders\NewsSpider.py", line 43, in parse_detail
    json1 = json.loads(InformationExtraction.getInformationByHtml(response.body.decode()))
UnicodeDecodeError: 'utf-8' codec can't decode byte 0xb1 in position 105: invalid start byte
2017-06-30 19:05:59 [scrapy.core.engine] DEBUG: Crawled (200) <GET http://news.sina.com.cn/society/> (referer: http://news.sina.com.cn)
2017-06-30 19:06:01 [scrapy.core.engine] DEBUG: Crawled (200) <GET http://slide.news.sina.com.cn/s/slide_1_2841_107086.html> (referer: http://news.sina.com.cn)
2017-06-30 19:06:01 [scrapy.core.scraper] ERROR: Spider error processing <GET http://slide.news.sina.com.cn/s/slide_1_2841_107086.html> (referer: http://news.sina.com.cn)
Traceback (most recent call last):
  File "e:\学习工作\学习\java语言程序设计\64λ\python\lib\site-packages\scrapy\utils\defer.py", line 102, in iter_errback
    yield next(it)
  File "e:\学习工作\学习\java语言程序设计\64λ\python\lib\site-packages\scrapy\spidermiddlewares\offsite.py", line 29, in process_spider_output
    for x in result:
  File "e:\学习工作\学习\java语言程序设计\64λ\python\lib\site-packages\scrapy\spidermiddlewares\referer.py", line 339, in <genexpr>
    return (_set_referer(r) for r in result or ())
  File "e:\学习工作\学习\java语言程序设计\64λ\python\lib\site-packages\scrapy\spidermiddlewares\urllength.py", line 37, in <genexpr>
    return (r for r in result or () if _filter(r))
  File "e:\学习工作\学习\java语言程序设计\64λ\python\lib\site-packages\scrapy\spidermiddlewares\depth.py", line 58, in <genexpr>
    return (r for r in result or () if _filter(r))
  File "c:\users\admini~1\appdata\local\temp\myproject-1498820703-3aaana9n.egg\WuLiSpider\spiders\NewsSpider.py", line 43, in parse_detail
    json1 = json.loads(InformationExtraction.getInformationByHtml(response.body.decode()))
UnicodeDecodeError: 'utf-8' codec can't decode byte 0xd0 in position 105: invalid continuation byte
2017-06-30 19:06:01 [scrapy.core.engine] DEBUG: Crawled (200) <GET http://sky.news.sina.com.cn/2015-01-10/132757246.html> (referer: http://sky.news.sina.com.cn/)
2017-06-30 19:06:01 [scrapy.core.scraper] ERROR: Spider error processing <GET http://sky.news.sina.com.cn/2015-01-10/132757246.html> (referer: http://sky.news.sina.com.cn/)
Traceback (most recent call last):
  File "e:\学习工作\学习\java语言程序设计\64λ\python\lib\site-packages\scrapy\utils\defer.py", line 102, in iter_errback
    yield next(it)
  File "e:\学习工作\学习\java语言程序设计\64λ\python\lib\site-packages\scrapy\spidermiddlewares\offsite.py", line 29, in process_spider_output
    for x in result:
  File "e:\学习工作\学习\java语言程序设计\64λ\python\lib\site-packages\scrapy\spidermiddlewares\referer.py", line 339, in <genexpr>
    return (_set_referer(r) for r in result or ())
  File "e:\学习工作\学习\java语言程序设计\64λ\python\lib\site-packages\scrapy\spidermiddlewares\urllength.py", line 37, in <genexpr>
    return (r for r in result or () if _filter(r))
  File "e:\学习工作\学习\java语言程序设计\64λ\python\lib\site-packages\scrapy\spidermiddlewares\depth.py", line 58, in <genexpr>
    return (r for r in result or () if _filter(r))
  File "c:\users\admini~1\appdata\local\temp\myproject-1498820703-3aaana9n.egg\WuLiSpider\spiders\NewsSpider.py", line 43, in parse_detail
    json1 = json.loads(InformationExtraction.getInformationByHtml(response.body.decode()))
UnicodeDecodeError: 'utf-8' codec can't decode byte 0xd0 in position 217: invalid continuation byte
2017-06-30 19:06:03 [scrapy.core.engine] DEBUG: Crawled (404) <GET http://news.sina.com.cn/None> (referer: http://news.sina.com.cn)
2017-06-30 19:06:03 [scrapy.spidermiddlewares.httperror] INFO: Ignoring response <404 http://news.sina.com.cn/None>: HTTP status code is not handled or not allowed
2017-06-30 19:06:03 [scrapy.core.engine] DEBUG: Crawled (200) <GET http://sky.news.sina.com.cn/2015-02-25/160558066.html> (referer: http://sky.news.sina.com.cn/)
2017-06-30 19:06:03 [scrapy.core.scraper] ERROR: Spider error processing <GET http://sky.news.sina.com.cn/2015-02-25/160558066.html> (referer: http://sky.news.sina.com.cn/)
Traceback (most recent call last):
  File "e:\学习工作\学习\java语言程序设计\64λ\python\lib\site-packages\scrapy\utils\defer.py", line 102, in iter_errback
    yield next(it)
  File "e:\学习工作\学习\java语言程序设计\64λ\python\lib\site-packages\scrapy\spidermiddlewares\offsite.py", line 29, in process_spider_output
    for x in result:
  File "e:\学习工作\学习\java语言程序设计\64λ\python\lib\site-packages\scrapy\spidermiddlewares\referer.py", line 339, in <genexpr>
    return (_set_referer(r) for r in result or ())
  File "e:\学习工作\学习\java语言程序设计\64λ\python\lib\site-packages\scrapy\spidermiddlewares\urllength.py", line 37, in <genexpr>
    return (r for r in result or () if _filter(r))
  File "e:\学习工作\学习\java语言程序设计\64λ\python\lib\site-packages\scrapy\spidermiddlewares\depth.py", line 58, in <genexpr>
    return (r for r in result or () if _filter(r))
  File "c:\users\admini~1\appdata\local\temp\myproject-1498820703-3aaana9n.egg\WuLiSpider\spiders\NewsSpider.py", line 43, in parse_detail
    json1 = json.loads(InformationExtraction.getInformationByHtml(response.body.decode()))
UnicodeDecodeError: 'utf-8' codec can't decode byte 0xd0 in position 215: invalid continuation byte
2017-06-30 19:06:05 [scrapy.core.engine] DEBUG: Crawled (200) <GET http://slide.news.sina.com.cn/s/slide_1_2841_173414.html> (referer: http://news.sina.com.cn)
2017-06-30 19:06:05 [scrapy.core.scraper] ERROR: Spider error processing <GET http://slide.news.sina.com.cn/s/slide_1_2841_173414.html> (referer: http://news.sina.com.cn)
Traceback (most recent call last):
  File "e:\学习工作\学习\java语言程序设计\64λ\python\lib\site-packages\scrapy\utils\defer.py", line 102, in iter_errback
    yield next(it)
  File "e:\学习工作\学习\java语言程序设计\64λ\python\lib\site-packages\scrapy\spidermiddlewares\offsite.py", line 29, in process_spider_output
    for x in result:
  File "e:\学习工作\学习\java语言程序设计\64λ\python\lib\site-packages\scrapy\spidermiddlewares\referer.py", line 339, in <genexpr>
    return (_set_referer(r) for r in result or ())
  File "e:\学习工作\学习\java语言程序设计\64λ\python\lib\site-packages\scrapy\spidermiddlewares\urllength.py", line 37, in <genexpr>
    return (r for r in result or () if _filter(r))
  File "e:\学习工作\学习\java语言程序设计\64λ\python\lib\site-packages\scrapy\spidermiddlewares\depth.py", line 58, in <genexpr>
    return (r for r in result or () if _filter(r))
  File "c:\users\admini~1\appdata\local\temp\myproject-1498820703-3aaana9n.egg\WuLiSpider\spiders\NewsSpider.py", line 43, in parse_detail
    json1 = json.loads(InformationExtraction.getInformationByHtml(response.body.decode()))
UnicodeDecodeError: 'utf-8' codec can't decode byte 0xb6 in position 107: invalid start byte
2017-06-30 19:06:06 [scrapy.core.engine] DEBUG: Crawled (200) <GET http://slide.news.sina.com.cn/s/slide_1_2841_173419.html> (referer: http://news.sina.com.cn)
2017-06-30 19:06:06 [scrapy.core.scraper] ERROR: Spider error processing <GET http://slide.news.sina.com.cn/s/slide_1_2841_173419.html> (referer: http://news.sina.com.cn)
Traceback (most recent call last):
  File "e:\学习工作\学习\java语言程序设计\64λ\python\lib\site-packages\scrapy\utils\defer.py", line 102, in iter_errback
    yield next(it)
  File "e:\学习工作\学习\java语言程序设计\64λ\python\lib\site-packages\scrapy\spidermiddlewares\offsite.py", line 29, in process_spider_output
    for x in result:
  File "e:\学习工作\学习\java语言程序设计\64λ\python\lib\site-packages\scrapy\spidermiddlewares\referer.py", line 339, in <genexpr>
    return (_set_referer(r) for r in result or ())
  File "e:\学习工作\学习\java语言程序设计\64λ\python\lib\site-packages\scrapy\spidermiddlewares\urllength.py", line 37, in <genexpr>
    return (r for r in result or () if _filter(r))
  File "e:\学习工作\学习\java语言程序设计\64λ\python\lib\site-packages\scrapy\spidermiddlewares\depth.py", line 58, in <genexpr>
    return (r for r in result or () if _filter(r))
  File "c:\users\admini~1\appdata\local\temp\myproject-1498820703-3aaana9n.egg\WuLiSpider\spiders\NewsSpider.py", line 43, in parse_detail
    json1 = json.loads(InformationExtraction.getInformationByHtml(response.body.decode()))
UnicodeDecodeError: 'utf-8' codec can't decode byte 0xcb in position 105: invalid continuation byte
2017-06-30 19:06:07 [scrapy.core.engine] DEBUG: Crawled (200) <GET http://news.sina.com.cn/live/> (referer: http://news.sina.com.cn)
2017-06-30 19:06:08 [scrapy.core.engine] DEBUG: Crawled (200) <GET http://sky.news.sina.com.cn/2015-02-25/171258068.html> (referer: http://sky.news.sina.com.cn/)
2017-06-30 19:06:08 [scrapy.core.scraper] ERROR: Spider error processing <GET http://sky.news.sina.com.cn/2015-02-25/171258068.html> (referer: http://sky.news.sina.com.cn/)
Traceback (most recent call last):
  File "e:\学习工作\学习\java语言程序设计\64λ\python\lib\site-packages\scrapy\utils\defer.py", line 102, in iter_errback
    yield next(it)
  File "e:\学习工作\学习\java语言程序设计\64λ\python\lib\site-packages\scrapy\spidermiddlewares\offsite.py", line 29, in process_spider_output
    for x in result:
  File "e:\学习工作\学习\java语言程序设计\64λ\python\lib\site-packages\scrapy\spidermiddlewares\referer.py", line 339, in <genexpr>
    return (_set_referer(r) for r in result or ())
  File "e:\学习工作\学习\java语言程序设计\64λ\python\lib\site-packages\scrapy\spidermiddlewares\urllength.py", line 37, in <genexpr>
    return (r for r in result or () if _filter(r))
  File "e:\学习工作\学习\java语言程序设计\64λ\python\lib\site-packages\scrapy\spidermiddlewares\depth.py", line 58, in <genexpr>
    return (r for r in result or () if _filter(r))
  File "c:\users\admini~1\appdata\local\temp\myproject-1498820703-3aaana9n.egg\WuLiSpider\spiders\NewsSpider.py", line 43, in parse_detail
    json1 = json.loads(InformationExtraction.getInformationByHtml(response.body.decode()))
UnicodeDecodeError: 'utf-8' codec can't decode byte 0xd0 in position 215: invalid continuation byte
2017-06-30 19:06:10 [scrapy.core.engine] DEBUG: Crawled (200) <GET http://slide.news.sina.com.cn/s/slide_1_2841_173478.html> (referer: http://news.sina.com.cn)
2017-06-30 19:06:10 [scrapy.core.scraper] ERROR: Spider error processing <GET http://slide.news.sina.com.cn/s/slide_1_2841_173478.html> (referer: http://news.sina.com.cn)
Traceback (most recent call last):
  File "e:\学习工作\学习\java语言程序设计\64λ\python\lib\site-packages\scrapy\utils\defer.py", line 102, in iter_errback
    yield next(it)
  File "e:\学习工作\学习\java语言程序设计\64λ\python\lib\site-packages\scrapy\spidermiddlewares\offsite.py", line 29, in process_spider_output
    for x in result:
  File "e:\学习工作\学习\java语言程序设计\64λ\python\lib\site-packages\scrapy\spidermiddlewares\referer.py", line 339, in <genexpr>
    return (_set_referer(r) for r in result or ())
  File "e:\学习工作\学习\java语言程序设计\64λ\python\lib\site-packages\scrapy\spidermiddlewares\urllength.py", line 37, in <genexpr>
    return (r for r in result or () if _filter(r))
  File "e:\学习工作\学习\java语言程序设计\64λ\python\lib\site-packages\scrapy\spidermiddlewares\depth.py", line 58, in <genexpr>
    return (r for r in result or () if _filter(r))
  File "c:\users\admini~1\appdata\local\temp\myproject-1498820703-3aaana9n.egg\WuLiSpider\spiders\NewsSpider.py", line 43, in parse_detail
    json1 = json.loads(InformationExtraction.getInformationByHtml(response.body.decode()))
UnicodeDecodeError: 'utf-8' codec can't decode byte 0xba in position 105: invalid start byte
2017-06-30 19:06:11 [scrapy.core.engine] DEBUG: Crawled (200) <GET http://news.sina.com.cn/china/> (referer: http://news.sina.com.cn)
2017-06-30 19:06:12 [scrapy.core.engine] DEBUG: Crawled (200) <GET http://sky.news.sina.com.cn/2015-03-10/171158320.html> (referer: http://sky.news.sina.com.cn/)
2017-06-30 19:06:12 [scrapy.core.scraper] ERROR: Spider error processing <GET http://sky.news.sina.com.cn/2015-03-10/171158320.html> (referer: http://sky.news.sina.com.cn/)
Traceback (most recent call last):
  File "e:\学习工作\学习\java语言程序设计\64λ\python\lib\site-packages\scrapy\utils\defer.py", line 102, in iter_errback
    yield next(it)
  File "e:\学习工作\学习\java语言程序设计\64λ\python\lib\site-packages\scrapy\spidermiddlewares\offsite.py", line 29, in process_spider_output
    for x in result:
  File "e:\学习工作\学习\java语言程序设计\64λ\python\lib\site-packages\scrapy\spidermiddlewares\referer.py", line 339, in <genexpr>
    return (_set_referer(r) for r in result or ())
  File "e:\学习工作\学习\java语言程序设计\64λ\python\lib\site-packages\scrapy\spidermiddlewares\urllength.py", line 37, in <genexpr>
    return (r for r in result or () if _filter(r))
  File "e:\学习工作\学习\java语言程序设计\64λ\python\lib\site-packages\scrapy\spidermiddlewares\depth.py", line 58, in <genexpr>
    return (r for r in result or () if _filter(r))
  File "c:\users\admini~1\appdata\local\temp\myproject-1498820703-3aaana9n.egg\WuLiSpider\spiders\NewsSpider.py", line 43, in parse_detail
    json1 = json.loads(InformationExtraction.getInformationByHtml(response.body.decode()))
UnicodeDecodeError: 'utf-8' codec can't decode byte 0xd0 in position 217: invalid continuation byte
2017-06-30 19:06:13 [scrapy.core.engine] DEBUG: Crawled (200) <GET http://slide.news.sina.com.cn/s/slide_1_86058_173547.html> (referer: http://news.sina.com.cn)
2017-06-30 19:06:13 [scrapy.core.scraper] ERROR: Spider error processing <GET http://slide.news.sina.com.cn/s/slide_1_86058_173547.html> (referer: http://news.sina.com.cn)
Traceback (most recent call last):
  File "e:\学习工作\学习\java语言程序设计\64λ\python\lib\site-packages\scrapy\utils\defer.py", line 102, in iter_errback
    yield next(it)
  File "e:\学习工作\学习\java语言程序设计\64λ\python\lib\site-packages\scrapy\spidermiddlewares\offsite.py", line 29, in process_spider_output
    for x in result:
  File "e:\学习工作\学习\java语言程序设计\64λ\python\lib\site-packages\scrapy\spidermiddlewares\referer.py", line 339, in <genexpr>
    return (_set_referer(r) for r in result or ())
  File "e:\学习工作\学习\java语言程序设计\64λ\python\lib\site-packages\scrapy\spidermiddlewares\urllength.py", line 37, in <genexpr>
    return (r for r in result or () if _filter(r))
  File "e:\学习工作\学习\java语言程序设计\64λ\python\lib\site-packages\scrapy\spidermiddlewares\depth.py", line 58, in <genexpr>
    return (r for r in result or () if _filter(r))
  File "c:\users\admini~1\appdata\local\temp\myproject-1498820703-3aaana9n.egg\WuLiSpider\spiders\NewsSpider.py", line 43, in parse_detail
    json1 = json.loads(InformationExtraction.getInformationByHtml(response.body.decode()))
UnicodeDecodeError: 'utf-8' codec can't decode byte 0xba in position 105: invalid start byte
2017-06-30 19:06:13 [scrapy.core.engine] DEBUG: Crawled (200) <GET http://news.sina.com.cn/world/> (referer: http://news.sina.com.cn)
2017-06-30 19:06:15 [scrapy.core.engine] DEBUG: Crawled (200) <GET http://sky.news.sina.com.cn/2015-03-17/101958458.html> (referer: http://sky.news.sina.com.cn/)
2017-06-30 19:06:15 [scrapy.core.scraper] ERROR: Spider error processing <GET http://sky.news.sina.com.cn/2015-03-17/101958458.html> (referer: http://sky.news.sina.com.cn/)
Traceback (most recent call last):
  File "e:\学习工作\学习\java语言程序设计\64λ\python\lib\site-packages\scrapy\utils\defer.py", line 102, in iter_errback
    yield next(it)
  File "e:\学习工作\学习\java语言程序设计\64λ\python\lib\site-packages\scrapy\spidermiddlewares\offsite.py", line 29, in process_spider_output
    for x in result:
  File "e:\学习工作\学习\java语言程序设计\64λ\python\lib\site-packages\scrapy\spidermiddlewares\referer.py", line 339, in <genexpr>
    return (_set_referer(r) for r in result or ())
  File "e:\学习工作\学习\java语言程序设计\64λ\python\lib\site-packages\scrapy\spidermiddlewares\urllength.py", line 37, in <genexpr>
    return (r for r in result or () if _filter(r))
  File "e:\学习工作\学习\java语言程序设计\64λ\python\lib\site-packages\scrapy\spidermiddlewares\depth.py", line 58, in <genexpr>
    return (r for r in result or () if _filter(r))
  File "c:\users\admini~1\appdata\local\temp\myproject-1498820703-3aaana9n.egg\WuLiSpider\spiders\NewsSpider.py", line 43, in parse_detail
    json1 = json.loads(InformationExtraction.getInformationByHtml(response.body.decode()))
UnicodeDecodeError: 'utf-8' codec can't decode byte 0xd0 in position 215: invalid continuation byte
2017-06-30 19:06:17 [scrapy.core.engine] DEBUG: Crawled (200) <GET http://news.sina.com.cn/hotnews/> (referer: http://news.sina.com.cn)
2017-06-30 19:06:19 [scrapy.core.engine] DEBUG: Crawled (200) <GET http://sky.news.sina.com.cn/2015-03-20/094158560.html> (referer: http://sky.news.sina.com.cn/)
2017-06-30 19:06:19 [scrapy.core.scraper] ERROR: Spider error processing <GET http://sky.news.sina.com.cn/2015-03-20/094158560.html> (referer: http://sky.news.sina.com.cn/)
Traceback (most recent call last):
  File "e:\学习工作\学习\java语言程序设计\64λ\python\lib\site-packages\scrapy\utils\defer.py", line 102, in iter_errback
    yield next(it)
  File "e:\学习工作\学习\java语言程序设计\64λ\python\lib\site-packages\scrapy\spidermiddlewares\offsite.py", line 29, in process_spider_output
    for x in result:
  File "e:\学习工作\学习\java语言程序设计\64λ\python\lib\site-packages\scrapy\spidermiddlewares\referer.py", line 339, in <genexpr>
    return (_set_referer(r) for r in result or ())
  File "e:\学习工作\学习\java语言程序设计\64λ\python\lib\site-packages\scrapy\spidermiddlewares\urllength.py", line 37, in <genexpr>
    return (r for r in result or () if _filter(r))
  File "e:\学习工作\学习\java语言程序设计\64λ\python\lib\site-packages\scrapy\spidermiddlewares\depth.py", line 58, in <genexpr>
    return (r for r in result or () if _filter(r))
  File "c:\users\admini~1\appdata\local\temp\myproject-1498820703-3aaana9n.egg\WuLiSpider\spiders\NewsSpider.py", line 43, in parse_detail
    json1 = json.loads(InformationExtraction.getInformationByHtml(response.body.decode()))
UnicodeDecodeError: 'utf-8' codec can't decode byte 0xb3 in position 215: invalid start byte
2017-06-30 19:06:22 [scrapy.core.engine] DEBUG: Crawled (301) <GET http://news.sina.com.cn/gov/> (referer: http://news.sina.com.cn)
2017-06-30 19:06:22 [scrapy.spidermiddlewares.httperror] INFO: Ignoring response <301 http://news.sina.com.cn/gov/>: HTTP status code is not handled or not allowed
2017-06-30 19:06:24 [scrapy.core.engine] DEBUG: Crawled (200) <GET http://sky.news.sina.com.cn/2015-03-24/214358608.html> (referer: http://sky.news.sina.com.cn/)
2017-06-30 19:06:24 [scrapy.core.scraper] ERROR: Spider error processing <GET http://sky.news.sina.com.cn/2015-03-24/214358608.html> (referer: http://sky.news.sina.com.cn/)
Traceback (most recent call last):
  File "e:\学习工作\学习\java语言程序设计\64λ\python\lib\site-packages\scrapy\utils\defer.py", line 102, in iter_errback
    yield next(it)
  File "e:\学习工作\学习\java语言程序设计\64λ\python\lib\site-packages\scrapy\spidermiddlewares\offsite.py", line 29, in process_spider_output
    for x in result:
  File "e:\学习工作\学习\java语言程序设计\64λ\python\lib\site-packages\scrapy\spidermiddlewares\referer.py", line 339, in <genexpr>
    return (_set_referer(r) for r in result or ())
  File "e:\学习工作\学习\java语言程序设计\64λ\python\lib\site-packages\scrapy\spidermiddlewares\urllength.py", line 37, in <genexpr>
    return (r for r in result or () if _filter(r))
  File "e:\学习工作\学习\java语言程序设计\64λ\python\lib\site-packages\scrapy\spidermiddlewares\depth.py", line 58, in <genexpr>
    return (r for r in result or () if _filter(r))
  File "c:\users\admini~1\appdata\local\temp\myproject-1498820703-3aaana9n.egg\WuLiSpider\spiders\NewsSpider.py", line 43, in parse_detail
    json1 = json.loads(InformationExtraction.getInformationByHtml(response.body.decode()))
UnicodeDecodeError: 'utf-8' codec can't decode byte 0xd0 in position 215: invalid continuation byte
2017-06-30 19:06:25 [scrapy.core.engine] DEBUG: Crawled (200) <GET http://news.sina.com.cn/zhiku/> (referer: http://news.sina.com.cn)
2017-06-30 19:06:26 [scrapy.core.engine] DEBUG: Crawled (200) <GET http://sky.news.sina.com.cn/2015-03-26/122958655.html> (referer: http://sky.news.sina.com.cn/)
2017-06-30 19:06:26 [scrapy.core.scraper] ERROR: Spider error processing <GET http://sky.news.sina.com.cn/2015-03-26/122958655.html> (referer: http://sky.news.sina.com.cn/)
Traceback (most recent call last):
  File "e:\学习工作\学习\java语言程序设计\64λ\python\lib\site-packages\scrapy\utils\defer.py", line 102, in iter_errback
    yield next(it)
  File "e:\学习工作\学习\java语言程序设计\64λ\python\lib\site-packages\scrapy\spidermiddlewares\offsite.py", line 29, in process_spider_output
    for x in result:
  File "e:\学习工作\学习\java语言程序设计\64λ\python\lib\site-packages\scrapy\spidermiddlewares\referer.py", line 339, in <genexpr>
    return (_set_referer(r) for r in result or ())
  File "e:\学习工作\学习\java语言程序设计\64λ\python\lib\site-packages\scrapy\spidermiddlewares\urllength.py", line 37, in <genexpr>
    return (r for r in result or () if _filter(r))
  File "e:\学习工作\学习\java语言程序设计\64λ\python\lib\site-packages\scrapy\spidermiddlewares\depth.py", line 58, in <genexpr>
    return (r for r in result or () if _filter(r))
  File "c:\users\admini~1\appdata\local\temp\myproject-1498820703-3aaana9n.egg\WuLiSpider\spiders\NewsSpider.py", line 43, in parse_detail
    json1 = json.loads(InformationExtraction.getInformationByHtml(response.body.decode()))
UnicodeDecodeError: 'utf-8' codec can't decode byte 0xd0 in position 217: invalid continuation byte
2017-06-30 19:06:30 [scrapy.core.engine] DEBUG: Crawled (200) <GET http://news.sina.com.cn/hangpai/> (referer: http://news.sina.com.cn)
2017-06-30 19:06:31 [scrapy.core.engine] DEBUG: Crawled (200) <GET http://sky.news.sina.com.cn/2015-03-27/110458692.html> (referer: http://sky.news.sina.com.cn/)
2017-06-30 19:06:31 [scrapy.core.scraper] ERROR: Spider error processing <GET http://sky.news.sina.com.cn/2015-03-27/110458692.html> (referer: http://sky.news.sina.com.cn/)
Traceback (most recent call last):
  File "e:\学习工作\学习\java语言程序设计\64λ\python\lib\site-packages\scrapy\utils\defer.py", line 102, in iter_errback
    yield next(it)
  File "e:\学习工作\学习\java语言程序设计\64λ\python\lib\site-packages\scrapy\spidermiddlewares\offsite.py", line 29, in process_spider_output
    for x in result:
  File "e:\学习工作\学习\java语言程序设计\64λ\python\lib\site-packages\scrapy\spidermiddlewares\referer.py", line 339, in <genexpr>
    return (_set_referer(r) for r in result or ())
  File "e:\学习工作\学习\java语言程序设计\64λ\python\lib\site-packages\scrapy\spidermiddlewares\urllength.py", line 37, in <genexpr>
    return (r for r in result or () if _filter(r))
  File "e:\学习工作\学习\java语言程序设计\64λ\python\lib\site-packages\scrapy\spidermiddlewares\depth.py", line 58, in <genexpr>
    return (r for r in result or () if _filter(r))
  File "c:\users\admini~1\appdata\local\temp\myproject-1498820703-3aaana9n.egg\WuLiSpider\spiders\NewsSpider.py", line 43, in parse_detail
    json1 = json.loads(InformationExtraction.getInformationByHtml(response.body.decode()))
UnicodeDecodeError: 'utf-8' codec can't decode byte 0xd0 in position 215: invalid continuation byte
2017-06-30 19:06:33 [scrapy.core.engine] DEBUG: Crawled (200) <GET http://news.sina.com.cn/opinion/> (referer: http://news.sina.com.cn)
2017-06-30 19:06:33 [scrapy.core.engine] DEBUG: Crawled (200) <GET http://sky.news.sina.com.cn/2015-04-09/120158898.html> (referer: http://sky.news.sina.com.cn/)
2017-06-30 19:06:33 [scrapy.core.scraper] ERROR: Spider error processing <GET http://sky.news.sina.com.cn/2015-04-09/120158898.html> (referer: http://sky.news.sina.com.cn/)
Traceback (most recent call last):
  File "e:\学习工作\学习\java语言程序设计\64λ\python\lib\site-packages\scrapy\utils\defer.py", line 102, in iter_errback
    yield next(it)
  File "e:\学习工作\学习\java语言程序设计\64λ\python\lib\site-packages\scrapy\spidermiddlewares\offsite.py", line 29, in process_spider_output
    for x in result:
  File "e:\学习工作\学习\java语言程序设计\64λ\python\lib\site-packages\scrapy\spidermiddlewares\referer.py", line 339, in <genexpr>
    return (_set_referer(r) for r in result or ())
  File "e:\学习工作\学习\java语言程序设计\64λ\python\lib\site-packages\scrapy\spidermiddlewares\urllength.py", line 37, in <genexpr>
    return (r for r in result or () if _filter(r))
  File "e:\学习工作\学习\java语言程序设计\64λ\python\lib\site-packages\scrapy\spidermiddlewares\depth.py", line 58, in <genexpr>
    return (r for r in result or () if _filter(r))
  File "c:\users\admini~1\appdata\local\temp\myproject-1498820703-3aaana9n.egg\WuLiSpider\spiders\NewsSpider.py", line 43, in parse_detail
    json1 = json.loads(InformationExtraction.getInformationByHtml(response.body.decode()))
UnicodeDecodeError: 'utf-8' codec can't decode byte 0xd0 in position 215: invalid continuation byte
2017-06-30 19:06:35 [scrapy.core.engine] DEBUG: Crawled (200) <GET http://news.sina.com.cn/o/2017-06-30/doc-ifyhrttz1733099.shtml> (referer: http://news.sina.com.cn)
2017-06-30 19:06:35 [scrapy.core.scraper] ERROR: Spider error processing <GET http://news.sina.com.cn/o/2017-06-30/doc-ifyhrttz1733099.shtml> (referer: http://news.sina.com.cn)
Traceback (most recent call last):
  File "e:\学习工作\学习\java语言程序设计\64λ\python\lib\site-packages\scrapy\utils\defer.py", line 102, in iter_errback
    yield next(it)
  File "e:\学习工作\学习\java语言程序设计\64λ\python\lib\site-packages\scrapy\spidermiddlewares\offsite.py", line 29, in process_spider_output
    for x in result:
  File "e:\学习工作\学习\java语言程序设计\64λ\python\lib\site-packages\scrapy\spidermiddlewares\referer.py", line 339, in <genexpr>
    return (_set_referer(r) for r in result or ())
  File "e:\学习工作\学习\java语言程序设计\64λ\python\lib\site-packages\scrapy\spidermiddlewares\urllength.py", line 37, in <genexpr>
    return (r for r in result or () if _filter(r))
  File "e:\学习工作\学习\java语言程序设计\64λ\python\lib\site-packages\scrapy\spidermiddlewares\depth.py", line 58, in <genexpr>
    return (r for r in result or () if _filter(r))
  File "c:\users\admini~1\appdata\local\temp\myproject-1498820703-3aaana9n.egg\WuLiSpider\spiders\NewsSpider.py", line 44, in parse_detail
    print(json1)
UnicodeEncodeError: 'gbk' codec can't encode character '\u2022' in position 795: illegal multibyte sequence
2017-06-30 19:06:37 [scrapy.core.engine] DEBUG: Crawled (200) <GET http://sky.news.sina.com.cn/2015-04-09/153458899.html> (referer: http://sky.news.sina.com.cn/)
2017-06-30 19:06:37 [scrapy.core.scraper] ERROR: Spider error processing <GET http://sky.news.sina.com.cn/2015-04-09/153458899.html> (referer: http://sky.news.sina.com.cn/)
Traceback (most recent call last):
  File "e:\学习工作\学习\java语言程序设计\64λ\python\lib\site-packages\scrapy\utils\defer.py", line 102, in iter_errback
    yield next(it)
  File "e:\学习工作\学习\java语言程序设计\64λ\python\lib\site-packages\scrapy\spidermiddlewares\offsite.py", line 29, in process_spider_output
    for x in result:
  File "e:\学习工作\学习\java语言程序设计\64λ\python\lib\site-packages\scrapy\spidermiddlewares\referer.py", line 339, in <genexpr>
    return (_set_referer(r) for r in result or ())
  File "e:\学习工作\学习\java语言程序设计\64λ\python\lib\site-packages\scrapy\spidermiddlewares\urllength.py", line 37, in <genexpr>
    return (r for r in result or () if _filter(r))
  File "e:\学习工作\学习\java语言程序设计\64λ\python\lib\site-packages\scrapy\spidermiddlewares\depth.py", line 58, in <genexpr>
    return (r for r in result or () if _filter(r))
  File "c:\users\admini~1\appdata\local\temp\myproject-1498820703-3aaana9n.egg\WuLiSpider\spiders\NewsSpider.py", line 43, in parse_detail
    json1 = json.loads(InformationExtraction.getInformationByHtml(response.body.decode()))
UnicodeDecodeError: 'utf-8' codec can't decode byte 0xd0 in position 215: invalid continuation byte
2017-06-30 19:06:39 [scrapy.core.engine] DEBUG: Crawled (200) <GET http://news.sina.com.cn/o/2017-06-30/doc-ifyhrttz1757303.shtml> (referer: http://news.sina.com.cn)
2017-06-30 19:06:39 [scrapy.core.scraper] ERROR: Spider error processing <GET http://news.sina.com.cn/o/2017-06-30/doc-ifyhrttz1757303.shtml> (referer: http://news.sina.com.cn)
Traceback (most recent call last):
  File "e:\学习工作\学习\java语言程序设计\64λ\python\lib\site-packages\scrapy\utils\defer.py", line 102, in iter_errback
    yield next(it)
  File "e:\学习工作\学习\java语言程序设计\64λ\python\lib\site-packages\scrapy\spidermiddlewares\offsite.py", line 29, in process_spider_output
    for x in result:
  File "e:\学习工作\学习\java语言程序设计\64λ\python\lib\site-packages\scrapy\spidermiddlewares\referer.py", line 339, in <genexpr>
    return (_set_referer(r) for r in result or ())
  File "e:\学习工作\学习\java语言程序设计\64λ\python\lib\site-packages\scrapy\spidermiddlewares\urllength.py", line 37, in <genexpr>
    return (r for r in result or () if _filter(r))
  File "e:\学习工作\学习\java语言程序设计\64λ\python\lib\site-packages\scrapy\spidermiddlewares\depth.py", line 58, in <genexpr>
    return (r for r in result or () if _filter(r))
  File "c:\users\admini~1\appdata\local\temp\myproject-1498820703-3aaana9n.egg\WuLiSpider\spiders\NewsSpider.py", line 44, in parse_detail
    print(json1)
UnicodeEncodeError: 'gbk' codec can't encode character '\u2022' in position 199: illegal multibyte sequence
2017-06-30 19:06:40 [scrapy.core.engine] DEBUG: Crawled (200) <GET http://sky.news.sina.com.cn/2015-04-10/113058922.html> (referer: http://sky.news.sina.com.cn/)
2017-06-30 19:06:40 [scrapy.core.scraper] ERROR: Spider error processing <GET http://sky.news.sina.com.cn/2015-04-10/113058922.html> (referer: http://sky.news.sina.com.cn/)
Traceback (most recent call last):
  File "e:\学习工作\学习\java语言程序设计\64λ\python\lib\site-packages\scrapy\utils\defer.py", line 102, in iter_errback
    yield next(it)
  File "e:\学习工作\学习\java语言程序设计\64λ\python\lib\site-packages\scrapy\spidermiddlewares\offsite.py", line 29, in process_spider_output
    for x in result:
  File "e:\学习工作\学习\java语言程序设计\64λ\python\lib\site-packages\scrapy\spidermiddlewares\referer.py", line 339, in <genexpr>
    return (_set_referer(r) for r in result or ())
  File "e:\学习工作\学习\java语言程序设计\64λ\python\lib\site-packages\scrapy\spidermiddlewares\urllength.py", line 37, in <genexpr>
    return (r for r in result or () if _filter(r))
  File "e:\学习工作\学习\java语言程序设计\64λ\python\lib\site-packages\scrapy\spidermiddlewares\depth.py", line 58, in <genexpr>
    return (r for r in result or () if _filter(r))
  File "c:\users\admini~1\appdata\local\temp\myproject-1498820703-3aaana9n.egg\WuLiSpider\spiders\NewsSpider.py", line 43, in parse_detail
    json1 = json.loads(InformationExtraction.getInformationByHtml(response.body.decode()))
UnicodeDecodeError: 'utf-8' codec can't decode byte 0xd0 in position 217: invalid continuation byte
2017-06-30 19:06:44 [scrapy.core.engine] DEBUG: Crawled (200) <GET http://sky.news.sina.com.cn/2015-04-10/151258924.html> (referer: http://sky.news.sina.com.cn/)
2017-06-30 19:06:44 [scrapy.core.scraper] ERROR: Spider error processing <GET http://sky.news.sina.com.cn/2015-04-10/151258924.html> (referer: http://sky.news.sina.com.cn/)
Traceback (most recent call last):
  File "e:\学习工作\学习\java语言程序设计\64λ\python\lib\site-packages\scrapy\utils\defer.py", line 102, in iter_errback
    yield next(it)
  File "e:\学习工作\学习\java语言程序设计\64λ\python\lib\site-packages\scrapy\spidermiddlewares\offsite.py", line 29, in process_spider_output
    for x in result:
  File "e:\学习工作\学习\java语言程序设计\64λ\python\lib\site-packages\scrapy\spidermiddlewares\referer.py", line 339, in <genexpr>
    return (_set_referer(r) for r in result or ())
  File "e:\学习工作\学习\java语言程序设计\64λ\python\lib\site-packages\scrapy\spidermiddlewares\urllength.py", line 37, in <genexpr>
    return (r for r in result or () if _filter(r))
  File "e:\学习工作\学习\java语言程序设计\64λ\python\lib\site-packages\scrapy\spidermiddlewares\depth.py", line 58, in <genexpr>
    return (r for r in result or () if _filter(r))
  File "c:\users\admini~1\appdata\local\temp\myproject-1498820703-3aaana9n.egg\WuLiSpider\spiders\NewsSpider.py", line 43, in parse_detail
    json1 = json.loads(InformationExtraction.getInformationByHtml(response.body.decode()))
UnicodeDecodeError: 'utf-8' codec can't decode byte 0xd0 in position 215: invalid continuation byte
2017-06-30 19:06:48 [scrapy.core.engine] DEBUG: Crawled (200) <GET http://sky.news.sina.com.cn/2015-05-10/145259289.html> (referer: http://sky.news.sina.com.cn/)
2017-06-30 19:06:48 [scrapy.extensions.logstats] INFO: Crawled 41 pages (at 41 pages/min), scraped 0 items (at 0 items/min)
2017-06-30 19:06:48 [scrapy.core.scraper] ERROR: Spider error processing <GET http://sky.news.sina.com.cn/2015-05-10/145259289.html> (referer: http://sky.news.sina.com.cn/)
Traceback (most recent call last):
  File "e:\学习工作\学习\java语言程序设计\64λ\python\lib\site-packages\scrapy\utils\defer.py", line 102, in iter_errback
    yield next(it)
  File "e:\学习工作\学习\java语言程序设计\64λ\python\lib\site-packages\scrapy\spidermiddlewares\offsite.py", line 29, in process_spider_output
    for x in result:
  File "e:\学习工作\学习\java语言程序设计\64λ\python\lib\site-packages\scrapy\spidermiddlewares\referer.py", line 339, in <genexpr>
    return (_set_referer(r) for r in result or ())
  File "e:\学习工作\学习\java语言程序设计\64λ\python\lib\site-packages\scrapy\spidermiddlewares\urllength.py", line 37, in <genexpr>
    return (r for r in result or () if _filter(r))
  File "e:\学习工作\学习\java语言程序设计\64λ\python\lib\site-packages\scrapy\spidermiddlewares\depth.py", line 58, in <genexpr>
    return (r for r in result or () if _filter(r))
  File "c:\users\admini~1\appdata\local\temp\myproject-1498820703-3aaana9n.egg\WuLiSpider\spiders\NewsSpider.py", line 43, in parse_detail
    json1 = json.loads(InformationExtraction.getInformationByHtml(response.body.decode()))
UnicodeDecodeError: 'utf-8' codec can't decode byte 0xd0 in position 215: invalid continuation byte
2017-06-30 19:06:52 [scrapy.core.engine] DEBUG: Crawled (200) <GET http://sky.news.sina.com.cn/2015-05-21/103359454.html> (referer: http://sky.news.sina.com.cn/)
2017-06-30 19:06:52 [scrapy.core.scraper] ERROR: Spider error processing <GET http://sky.news.sina.com.cn/2015-05-21/103359454.html> (referer: http://sky.news.sina.com.cn/)
Traceback (most recent call last):
  File "e:\学习工作\学习\java语言程序设计\64λ\python\lib\site-packages\scrapy\utils\defer.py", line 102, in iter_errback
    yield next(it)
  File "e:\学习工作\学习\java语言程序设计\64λ\python\lib\site-packages\scrapy\spidermiddlewares\offsite.py", line 29, in process_spider_output
    for x in result:
  File "e:\学习工作\学习\java语言程序设计\64λ\python\lib\site-packages\scrapy\spidermiddlewares\referer.py", line 339, in <genexpr>
    return (_set_referer(r) for r in result or ())
  File "e:\学习工作\学习\java语言程序设计\64λ\python\lib\site-packages\scrapy\spidermiddlewares\urllength.py", line 37, in <genexpr>
    return (r for r in result or () if _filter(r))
  File "e:\学习工作\学习\java语言程序设计\64λ\python\lib\site-packages\scrapy\spidermiddlewares\depth.py", line 58, in <genexpr>
    return (r for r in result or () if _filter(r))
  File "c:\users\admini~1\appdata\local\temp\myproject-1498820703-3aaana9n.egg\WuLiSpider\spiders\NewsSpider.py", line 43, in parse_detail
    json1 = json.loads(InformationExtraction.getInformationByHtml(response.body.decode()))
UnicodeDecodeError: 'utf-8' codec can't decode byte 0xd0 in position 215: invalid continuation byte
2017-06-30 19:06:55 [scrapy.core.engine] DEBUG: Crawled (200) <GET http://sky.news.sina.com.cn/2015-07-01/095959970.html> (referer: http://sky.news.sina.com.cn/)
2017-06-30 19:06:55 [scrapy.core.scraper] ERROR: Spider error processing <GET http://sky.news.sina.com.cn/2015-07-01/095959970.html> (referer: http://sky.news.sina.com.cn/)
Traceback (most recent call last):
  File "e:\学习工作\学习\java语言程序设计\64λ\python\lib\site-packages\scrapy\utils\defer.py", line 102, in iter_errback
    yield next(it)
  File "e:\学习工作\学习\java语言程序设计\64λ\python\lib\site-packages\scrapy\spidermiddlewares\offsite.py", line 29, in process_spider_output
    for x in result:
  File "e:\学习工作\学习\java语言程序设计\64λ\python\lib\site-packages\scrapy\spidermiddlewares\referer.py", line 339, in <genexpr>
    return (_set_referer(r) for r in result or ())
  File "e:\学习工作\学习\java语言程序设计\64λ\python\lib\site-packages\scrapy\spidermiddlewares\urllength.py", line 37, in <genexpr>
    return (r for r in result or () if _filter(r))
  File "e:\学习工作\学习\java语言程序设计\64λ\python\lib\site-packages\scrapy\spidermiddlewares\depth.py", line 58, in <genexpr>
    return (r for r in result or () if _filter(r))
  File "c:\users\admini~1\appdata\local\temp\myproject-1498820703-3aaana9n.egg\WuLiSpider\spiders\NewsSpider.py", line 43, in parse_detail
    json1 = json.loads(InformationExtraction.getInformationByHtml(response.body.decode()))
UnicodeDecodeError: 'utf-8' codec can't decode byte 0xd0 in position 217: invalid continuation byte
2017-06-30 19:06:57 [scrapy.core.engine] DEBUG: Crawled (200) <GET http://sky.news.sina.com.cn/2015-07-30/124560406.html> (referer: http://sky.news.sina.com.cn/)
2017-06-30 19:06:57 [scrapy.core.scraper] ERROR: Spider error processing <GET http://sky.news.sina.com.cn/2015-07-30/124560406.html> (referer: http://sky.news.sina.com.cn/)
Traceback (most recent call last):
  File "e:\学习工作\学习\java语言程序设计\64λ\python\lib\site-packages\scrapy\utils\defer.py", line 102, in iter_errback
    yield next(it)
  File "e:\学习工作\学习\java语言程序设计\64λ\python\lib\site-packages\scrapy\spidermiddlewares\offsite.py", line 29, in process_spider_output
    for x in result:
  File "e:\学习工作\学习\java语言程序设计\64λ\python\lib\site-packages\scrapy\spidermiddlewares\referer.py", line 339, in <genexpr>
    return (_set_referer(r) for r in result or ())
  File "e:\学习工作\学习\java语言程序设计\64λ\python\lib\site-packages\scrapy\spidermiddlewares\urllength.py", line 37, in <genexpr>
    return (r for r in result or () if _filter(r))
  File "e:\学习工作\学习\java语言程序设计\64λ\python\lib\site-packages\scrapy\spidermiddlewares\depth.py", line 58, in <genexpr>
    return (r for r in result or () if _filter(r))
  File "c:\users\admini~1\appdata\local\temp\myproject-1498820703-3aaana9n.egg\WuLiSpider\spiders\NewsSpider.py", line 43, in parse_detail
    json1 = json.loads(InformationExtraction.getInformationByHtml(response.body.decode()))
UnicodeDecodeError: 'utf-8' codec can't decode byte 0xd0 in position 215: invalid continuation byte
2017-06-30 19:07:01 [scrapy.core.engine] DEBUG: Crawled (200) <GET http://sky.news.sina.com.cn/2015-07-30/171160407.html> (referer: http://sky.news.sina.com.cn/)
2017-06-30 19:07:01 [scrapy.core.scraper] ERROR: Spider error processing <GET http://sky.news.sina.com.cn/2015-07-30/171160407.html> (referer: http://sky.news.sina.com.cn/)
Traceback (most recent call last):
  File "e:\学习工作\学习\java语言程序设计\64λ\python\lib\site-packages\scrapy\utils\defer.py", line 102, in iter_errback
    yield next(it)
  File "e:\学习工作\学习\java语言程序设计\64λ\python\lib\site-packages\scrapy\spidermiddlewares\offsite.py", line 29, in process_spider_output
    for x in result:
  File "e:\学习工作\学习\java语言程序设计\64λ\python\lib\site-packages\scrapy\spidermiddlewares\referer.py", line 339, in <genexpr>
    return (_set_referer(r) for r in result or ())
  File "e:\学习工作\学习\java语言程序设计\64λ\python\lib\site-packages\scrapy\spidermiddlewares\urllength.py", line 37, in <genexpr>
    return (r for r in result or () if _filter(r))
  File "e:\学习工作\学习\java语言程序设计\64λ\python\lib\site-packages\scrapy\spidermiddlewares\depth.py", line 58, in <genexpr>
    return (r for r in result or () if _filter(r))
  File "c:\users\admini~1\appdata\local\temp\myproject-1498820703-3aaana9n.egg\WuLiSpider\spiders\NewsSpider.py", line 43, in parse_detail
    json1 = json.loads(InformationExtraction.getInformationByHtml(response.body.decode()))
UnicodeDecodeError: 'utf-8' codec can't decode byte 0xd0 in position 215: invalid continuation byte
2017-06-30 19:07:04 [scrapy.core.engine] DEBUG: Crawled (200) <GET http://sky.news.sina.com.cn/2015-10-12/100861206.html> (referer: http://sky.news.sina.com.cn/)
2017-06-30 19:07:04 [scrapy.core.scraper] ERROR: Spider error processing <GET http://sky.news.sina.com.cn/2015-10-12/100861206.html> (referer: http://sky.news.sina.com.cn/)
Traceback (most recent call last):
  File "e:\学习工作\学习\java语言程序设计\64λ\python\lib\site-packages\scrapy\utils\defer.py", line 102, in iter_errback
    yield next(it)
  File "e:\学习工作\学习\java语言程序设计\64λ\python\lib\site-packages\scrapy\spidermiddlewares\offsite.py", line 29, in process_spider_output
    for x in result:
  File "e:\学习工作\学习\java语言程序设计\64λ\python\lib\site-packages\scrapy\spidermiddlewares\referer.py", line 339, in <genexpr>
    return (_set_referer(r) for r in result or ())
  File "e:\学习工作\学习\java语言程序设计\64λ\python\lib\site-packages\scrapy\spidermiddlewares\urllength.py", line 37, in <genexpr>
    return (r for r in result or () if _filter(r))
  File "e:\学习工作\学习\java语言程序设计\64λ\python\lib\site-packages\scrapy\spidermiddlewares\depth.py", line 58, in <genexpr>
    return (r for r in result or () if _filter(r))
  File "c:\users\admini~1\appdata\local\temp\myproject-1498820703-3aaana9n.egg\WuLiSpider\spiders\NewsSpider.py", line 43, in parse_detail
    json1 = json.loads(InformationExtraction.getInformationByHtml(response.body.decode()))
UnicodeDecodeError: 'utf-8' codec can't decode byte 0xd0 in position 217: invalid continuation byte
2017-06-30 19:07:08 [scrapy.core.engine] DEBUG: Crawled (200) <GET http://sky.news.sina.com.cn/2015-10-12/145561208.html> (referer: http://sky.news.sina.com.cn/)
2017-06-30 19:07:08 [scrapy.core.scraper] ERROR: Spider error processing <GET http://sky.news.sina.com.cn/2015-10-12/145561208.html> (referer: http://sky.news.sina.com.cn/)
Traceback (most recent call last):
  File "e:\学习工作\学习\java语言程序设计\64λ\python\lib\site-packages\scrapy\utils\defer.py", line 102, in iter_errback
    yield next(it)
  File "e:\学习工作\学习\java语言程序设计\64λ\python\lib\site-packages\scrapy\spidermiddlewares\offsite.py", line 29, in process_spider_output
    for x in result:
  File "e:\学习工作\学习\java语言程序设计\64λ\python\lib\site-packages\scrapy\spidermiddlewares\referer.py", line 339, in <genexpr>
    return (_set_referer(r) for r in result or ())
  File "e:\学习工作\学习\java语言程序设计\64λ\python\lib\site-packages\scrapy\spidermiddlewares\urllength.py", line 37, in <genexpr>
    return (r for r in result or () if _filter(r))
  File "e:\学习工作\学习\java语言程序设计\64λ\python\lib\site-packages\scrapy\spidermiddlewares\depth.py", line 58, in <genexpr>
    return (r for r in result or () if _filter(r))
  File "c:\users\admini~1\appdata\local\temp\myproject-1498820703-3aaana9n.egg\WuLiSpider\spiders\NewsSpider.py", line 43, in parse_detail
    json1 = json.loads(InformationExtraction.getInformationByHtml(response.body.decode()))
UnicodeDecodeError: 'utf-8' codec can't decode byte 0xd0 in position 215: invalid continuation byte
2017-06-30 19:07:12 [scrapy.core.engine] DEBUG: Crawled (200) <GET http://sky.news.sina.com.cn/2015-10-12/170661209.html> (referer: http://sky.news.sina.com.cn/)
2017-06-30 19:07:12 [scrapy.core.scraper] ERROR: Spider error processing <GET http://sky.news.sina.com.cn/2015-10-12/170661209.html> (referer: http://sky.news.sina.com.cn/)
Traceback (most recent call last):
  File "e:\学习工作\学习\java语言程序设计\64λ\python\lib\site-packages\scrapy\utils\defer.py", line 102, in iter_errback
    yield next(it)
  File "e:\学习工作\学习\java语言程序设计\64λ\python\lib\site-packages\scrapy\spidermiddlewares\offsite.py", line 29, in process_spider_output
    for x in result:
  File "e:\学习工作\学习\java语言程序设计\64λ\python\lib\site-packages\scrapy\spidermiddlewares\referer.py", line 339, in <genexpr>
    return (_set_referer(r) for r in result or ())
  File "e:\学习工作\学习\java语言程序设计\64λ\python\lib\site-packages\scrapy\spidermiddlewares\urllength.py", line 37, in <genexpr>
    return (r for r in result or () if _filter(r))
  File "e:\学习工作\学习\java语言程序设计\64λ\python\lib\site-packages\scrapy\spidermiddlewares\depth.py", line 58, in <genexpr>
    return (r for r in result or () if _filter(r))
  File "c:\users\admini~1\appdata\local\temp\myproject-1498820703-3aaana9n.egg\WuLiSpider\spiders\NewsSpider.py", line 43, in parse_detail
    json1 = json.loads(InformationExtraction.getInformationByHtml(response.body.decode()))
UnicodeDecodeError: 'utf-8' codec can't decode byte 0xd0 in position 215: invalid continuation byte
2017-06-30 19:07:16 [scrapy.core.engine] DEBUG: Crawled (200) <GET http://sky.news.sina.com.cn/2015-10-14/100261210.html> (referer: http://sky.news.sina.com.cn/)
2017-06-30 19:07:16 [scrapy.core.scraper] ERROR: Spider error processing <GET http://sky.news.sina.com.cn/2015-10-14/100261210.html> (referer: http://sky.news.sina.com.cn/)
Traceback (most recent call last):
  File "e:\学习工作\学习\java语言程序设计\64λ\python\lib\site-packages\scrapy\utils\defer.py", line 102, in iter_errback
    yield next(it)
  File "e:\学习工作\学习\java语言程序设计\64λ\python\lib\site-packages\scrapy\spidermiddlewares\offsite.py", line 29, in process_spider_output
    for x in result:
  File "e:\学习工作\学习\java语言程序设计\64λ\python\lib\site-packages\scrapy\spidermiddlewares\referer.py", line 339, in <genexpr>
    return (_set_referer(r) for r in result or ())
  File "e:\学习工作\学习\java语言程序设计\64λ\python\lib\site-packages\scrapy\spidermiddlewares\urllength.py", line 37, in <genexpr>
    return (r for r in result or () if _filter(r))
  File "e:\学习工作\学习\java语言程序设计\64λ\python\lib\site-packages\scrapy\spidermiddlewares\depth.py", line 58, in <genexpr>
    return (r for r in result or () if _filter(r))
  File "c:\users\admini~1\appdata\local\temp\myproject-1498820703-3aaana9n.egg\WuLiSpider\spiders\NewsSpider.py", line 43, in parse_detail
    json1 = json.loads(InformationExtraction.getInformationByHtml(response.body.decode()))
UnicodeDecodeError: 'utf-8' codec can't decode byte 0xbe in position 217: invalid start byte
2017-06-30 19:07:20 [scrapy.core.engine] DEBUG: Crawled (200) <GET http://sky.news.sina.com.cn/2015-10-20/090161220.html> (referer: http://sky.news.sina.com.cn/)
2017-06-30 19:07:20 [scrapy.core.scraper] ERROR: Spider error processing <GET http://sky.news.sina.com.cn/2015-10-20/090161220.html> (referer: http://sky.news.sina.com.cn/)
Traceback (most recent call last):
  File "e:\学习工作\学习\java语言程序设计\64λ\python\lib\site-packages\scrapy\utils\defer.py", line 102, in iter_errback
    yield next(it)
  File "e:\学习工作\学习\java语言程序设计\64λ\python\lib\site-packages\scrapy\spidermiddlewares\offsite.py", line 29, in process_spider_output
    for x in result:
  File "e:\学习工作\学习\java语言程序设计\64λ\python\lib\site-packages\scrapy\spidermiddlewares\referer.py", line 339, in <genexpr>
    return (_set_referer(r) for r in result or ())
  File "e:\学习工作\学习\java语言程序设计\64λ\python\lib\site-packages\scrapy\spidermiddlewares\urllength.py", line 37, in <genexpr>
    return (r for r in result or () if _filter(r))
  File "e:\学习工作\学习\java语言程序设计\64λ\python\lib\site-packages\scrapy\spidermiddlewares\depth.py", line 58, in <genexpr>
    return (r for r in result or () if _filter(r))
  File "c:\users\admini~1\appdata\local\temp\myproject-1498820703-3aaana9n.egg\WuLiSpider\spiders\NewsSpider.py", line 43, in parse_detail
    json1 = json.loads(InformationExtraction.getInformationByHtml(response.body.decode()))
UnicodeDecodeError: 'utf-8' codec can't decode byte 0xbb in position 215: invalid start byte
2017-06-30 19:07:24 [scrapy.core.engine] DEBUG: Crawled (200) <GET http://sky.news.sina.com.cn/2015-10-20/091761222.html> (referer: http://sky.news.sina.com.cn/)
2017-06-30 19:07:24 [scrapy.core.scraper] ERROR: Spider error processing <GET http://sky.news.sina.com.cn/2015-10-20/091761222.html> (referer: http://sky.news.sina.com.cn/)
Traceback (most recent call last):
  File "e:\学习工作\学习\java语言程序设计\64λ\python\lib\site-packages\scrapy\utils\defer.py", line 102, in iter_errback
    yield next(it)
  File "e:\学习工作\学习\java语言程序设计\64λ\python\lib\site-packages\scrapy\spidermiddlewares\offsite.py", line 29, in process_spider_output
    for x in result:
  File "e:\学习工作\学习\java语言程序设计\64λ\python\lib\site-packages\scrapy\spidermiddlewares\referer.py", line 339, in <genexpr>
    return (_set_referer(r) for r in result or ())
  File "e:\学习工作\学习\java语言程序设计\64λ\python\lib\site-packages\scrapy\spidermiddlewares\urllength.py", line 37, in <genexpr>
    return (r for r in result or () if _filter(r))
  File "e:\学习工作\学习\java语言程序设计\64λ\python\lib\site-packages\scrapy\spidermiddlewares\depth.py", line 58, in <genexpr>
    return (r for r in result or () if _filter(r))
  File "c:\users\admini~1\appdata\local\temp\myproject-1498820703-3aaana9n.egg\WuLiSpider\spiders\NewsSpider.py", line 43, in parse_detail
    json1 = json.loads(InformationExtraction.getInformationByHtml(response.body.decode()))
UnicodeDecodeError: 'utf-8' codec can't decode byte 0xb0 in position 215: invalid start byte
2017-06-30 19:07:26 [scrapy.core.engine] DEBUG: Crawled (200) <GET http://sky.news.sina.com.cn/2015-10-20/104161224.html> (referer: http://sky.news.sina.com.cn/)
2017-06-30 19:07:26 [scrapy.core.scraper] ERROR: Spider error processing <GET http://sky.news.sina.com.cn/2015-10-20/104161224.html> (referer: http://sky.news.sina.com.cn/)
Traceback (most recent call last):
  File "e:\学习工作\学习\java语言程序设计\64λ\python\lib\site-packages\scrapy\utils\defer.py", line 102, in iter_errback
    yield next(it)
  File "e:\学习工作\学习\java语言程序设计\64λ\python\lib\site-packages\scrapy\spidermiddlewares\offsite.py", line 29, in process_spider_output
    for x in result:
  File "e:\学习工作\学习\java语言程序设计\64λ\python\lib\site-packages\scrapy\spidermiddlewares\referer.py", line 339, in <genexpr>
    return (_set_referer(r) for r in result or ())
  File "e:\学习工作\学习\java语言程序设计\64λ\python\lib\site-packages\scrapy\spidermiddlewares\urllength.py", line 37, in <genexpr>
    return (r for r in result or () if _filter(r))
  File "e:\学习工作\学习\java语言程序设计\64λ\python\lib\site-packages\scrapy\spidermiddlewares\depth.py", line 58, in <genexpr>
    return (r for r in result or () if _filter(r))
  File "c:\users\admini~1\appdata\local\temp\myproject-1498820703-3aaana9n.egg\WuLiSpider\spiders\NewsSpider.py", line 43, in parse_detail
    json1 = json.loads(InformationExtraction.getInformationByHtml(response.body.decode()))
UnicodeDecodeError: 'utf-8' codec can't decode byte 0xd6 in position 215: invalid continuation byte
2017-06-30 19:07:30 [scrapy.core.engine] DEBUG: Crawled (200) <GET http://sky.news.sina.com.cn/2015-10-22/092761232.html> (referer: http://sky.news.sina.com.cn/)
2017-06-30 19:07:30 [scrapy.core.scraper] ERROR: Spider error processing <GET http://sky.news.sina.com.cn/2015-10-22/092761232.html> (referer: http://sky.news.sina.com.cn/)
Traceback (most recent call last):
  File "e:\学习工作\学习\java语言程序设计\64λ\python\lib\site-packages\scrapy\utils\defer.py", line 102, in iter_errback
    yield next(it)
  File "e:\学习工作\学习\java语言程序设计\64λ\python\lib\site-packages\scrapy\spidermiddlewares\offsite.py", line 29, in process_spider_output
    for x in result:
  File "e:\学习工作\学习\java语言程序设计\64λ\python\lib\site-packages\scrapy\spidermiddlewares\referer.py", line 339, in <genexpr>
    return (_set_referer(r) for r in result or ())
  File "e:\学习工作\学习\java语言程序设计\64λ\python\lib\site-packages\scrapy\spidermiddlewares\urllength.py", line 37, in <genexpr>
    return (r for r in result or () if _filter(r))
  File "e:\学习工作\学习\java语言程序设计\64λ\python\lib\site-packages\scrapy\spidermiddlewares\depth.py", line 58, in <genexpr>
    return (r for r in result or () if _filter(r))
  File "c:\users\admini~1\appdata\local\temp\myproject-1498820703-3aaana9n.egg\WuLiSpider\spiders\NewsSpider.py", line 43, in parse_detail
    json1 = json.loads(InformationExtraction.getInformationByHtml(response.body.decode()))
UnicodeDecodeError: 'utf-8' codec can't decode byte 0xd0 in position 215: invalid continuation byte
2017-06-30 19:07:34 [scrapy.core.engine] DEBUG: Crawled (200) <GET http://sky.news.sina.com.cn/2015-11-16/104061286.html> (referer: http://sky.news.sina.com.cn/)
2017-06-30 19:07:34 [scrapy.core.scraper] ERROR: Spider error processing <GET http://sky.news.sina.com.cn/2015-11-16/104061286.html> (referer: http://sky.news.sina.com.cn/)
Traceback (most recent call last):
  File "e:\学习工作\学习\java语言程序设计\64λ\python\lib\site-packages\scrapy\utils\defer.py", line 102, in iter_errback
    yield next(it)
  File "e:\学习工作\学习\java语言程序设计\64λ\python\lib\site-packages\scrapy\spidermiddlewares\offsite.py", line 29, in process_spider_output
    for x in result:
  File "e:\学习工作\学习\java语言程序设计\64λ\python\lib\site-packages\scrapy\spidermiddlewares\referer.py", line 339, in <genexpr>
    return (_set_referer(r) for r in result or ())
  File "e:\学习工作\学习\java语言程序设计\64λ\python\lib\site-packages\scrapy\spidermiddlewares\urllength.py", line 37, in <genexpr>
    return (r for r in result or () if _filter(r))
  File "e:\学习工作\学习\java语言程序设计\64λ\python\lib\site-packages\scrapy\spidermiddlewares\depth.py", line 58, in <genexpr>
    return (r for r in result or () if _filter(r))
  File "c:\users\admini~1\appdata\local\temp\myproject-1498820703-3aaana9n.egg\WuLiSpider\spiders\NewsSpider.py", line 43, in parse_detail
    json1 = json.loads(InformationExtraction.getInformationByHtml(response.body.decode()))
UnicodeDecodeError: 'utf-8' codec can't decode byte 0xd0 in position 215: invalid continuation byte
2017-06-30 19:07:38 [scrapy.core.engine] DEBUG: Crawled (200) <GET http://sky.news.sina.com.cn/2015-11-19/160961298.html> (referer: http://sky.news.sina.com.cn/)
2017-06-30 19:07:38 [scrapy.core.scraper] ERROR: Spider error processing <GET http://sky.news.sina.com.cn/2015-11-19/160961298.html> (referer: http://sky.news.sina.com.cn/)
Traceback (most recent call last):
  File "e:\学习工作\学习\java语言程序设计\64λ\python\lib\site-packages\scrapy\utils\defer.py", line 102, in iter_errback
    yield next(it)
  File "e:\学习工作\学习\java语言程序设计\64λ\python\lib\site-packages\scrapy\spidermiddlewares\offsite.py", line 29, in process_spider_output
    for x in result:
  File "e:\学习工作\学习\java语言程序设计\64λ\python\lib\site-packages\scrapy\spidermiddlewares\referer.py", line 339, in <genexpr>
    return (_set_referer(r) for r in result or ())
  File "e:\学习工作\学习\java语言程序设计\64λ\python\lib\site-packages\scrapy\spidermiddlewares\urllength.py", line 37, in <genexpr>
    return (r for r in result or () if _filter(r))
  File "e:\学习工作\学习\java语言程序设计\64λ\python\lib\site-packages\scrapy\spidermiddlewares\depth.py", line 58, in <genexpr>
    return (r for r in result or () if _filter(r))
  File "c:\users\admini~1\appdata\local\temp\myproject-1498820703-3aaana9n.egg\WuLiSpider\spiders\NewsSpider.py", line 43, in parse_detail
    json1 = json.loads(InformationExtraction.getInformationByHtml(response.body.decode()))
UnicodeDecodeError: 'utf-8' codec can't decode byte 0xbb in position 215: invalid start byte
2017-06-30 19:07:42 [scrapy.core.engine] DEBUG: Crawled (200) <GET http://sky.news.sina.com.cn/2015-11-19/162861299.html> (referer: http://sky.news.sina.com.cn/)
2017-06-30 19:07:42 [scrapy.core.scraper] ERROR: Spider error processing <GET http://sky.news.sina.com.cn/2015-11-19/162861299.html> (referer: http://sky.news.sina.com.cn/)
Traceback (most recent call last):
  File "e:\学习工作\学习\java语言程序设计\64λ\python\lib\site-packages\scrapy\utils\defer.py", line 102, in iter_errback
    yield next(it)
  File "e:\学习工作\学习\java语言程序设计\64λ\python\lib\site-packages\scrapy\spidermiddlewares\offsite.py", line 29, in process_spider_output
    for x in result:
  File "e:\学习工作\学习\java语言程序设计\64λ\python\lib\site-packages\scrapy\spidermiddlewares\referer.py", line 339, in <genexpr>
    return (_set_referer(r) for r in result or ())
  File "e:\学习工作\学习\java语言程序设计\64λ\python\lib\site-packages\scrapy\spidermiddlewares\urllength.py", line 37, in <genexpr>
    return (r for r in result or () if _filter(r))
  File "e:\学习工作\学习\java语言程序设计\64λ\python\lib\site-packages\scrapy\spidermiddlewares\depth.py", line 58, in <genexpr>
    return (r for r in result or () if _filter(r))
  File "c:\users\admini~1\appdata\local\temp\myproject-1498820703-3aaana9n.egg\WuLiSpider\spiders\NewsSpider.py", line 43, in parse_detail
    json1 = json.loads(InformationExtraction.getInformationByHtml(response.body.decode()))
UnicodeDecodeError: 'utf-8' codec can't decode byte 0xd0 in position 215: invalid continuation byte
2017-06-30 19:07:44 [scrapy.core.engine] DEBUG: Crawled (200) <GET http://sky.news.sina.com.cn/2015-11-19/172061301.html> (referer: http://sky.news.sina.com.cn/)
2017-06-30 19:07:44 [scrapy.core.scraper] ERROR: Spider error processing <GET http://sky.news.sina.com.cn/2015-11-19/172061301.html> (referer: http://sky.news.sina.com.cn/)
Traceback (most recent call last):
  File "e:\学习工作\学习\java语言程序设计\64λ\python\lib\site-packages\scrapy\utils\defer.py", line 102, in iter_errback
    yield next(it)
  File "e:\学习工作\学习\java语言程序设计\64λ\python\lib\site-packages\scrapy\spidermiddlewares\offsite.py", line 29, in process_spider_output
    for x in result:
  File "e:\学习工作\学习\java语言程序设计\64λ\python\lib\site-packages\scrapy\spidermiddlewares\referer.py", line 339, in <genexpr>
    return (_set_referer(r) for r in result or ())
  File "e:\学习工作\学习\java语言程序设计\64λ\python\lib\site-packages\scrapy\spidermiddlewares\urllength.py", line 37, in <genexpr>
    return (r for r in result or () if _filter(r))
  File "e:\学习工作\学习\java语言程序设计\64λ\python\lib\site-packages\scrapy\spidermiddlewares\depth.py", line 58, in <genexpr>
    return (r for r in result or () if _filter(r))
  File "c:\users\admini~1\appdata\local\temp\myproject-1498820703-3aaana9n.egg\WuLiSpider\spiders\NewsSpider.py", line 43, in parse_detail
    json1 = json.loads(InformationExtraction.getInformationByHtml(response.body.decode()))
UnicodeDecodeError: 'utf-8' codec can't decode byte 0xd6 in position 215: invalid continuation byte
2017-06-30 19:07:45 [scrapy.core.engine] DEBUG: Crawled (200) <GET http://news.sina.com.cn/o/2017-06-29/doc-ifyhrttz1695447.shtml> (referer: http://news.sina.com.cn)
2017-06-30 19:07:45 [scrapy.core.scraper] DEBUG: Scraped from <200 http://news.sina.com.cn/o/2017-06-29/doc-ifyhrttz1695447.shtml>
None
2017-06-30 19:07:45 [scrapy.core.engine] DEBUG: Crawled (200) <GET http://news.sina.com.cn/o/2017-06-29/doc-ifyhrttz1687354.shtml> (referer: http://news.sina.com.cn)
2017-06-30 19:07:46 [scrapy.core.scraper] DEBUG: Scraped from <200 http://news.sina.com.cn/o/2017-06-29/doc-ifyhrttz1687354.shtml>
None
2017-06-30 19:07:47 [scrapy.core.engine] DEBUG: Crawled (200) <GET http://sky.news.sina.com.cn/2015-11-19/172861302.html> (referer: http://sky.news.sina.com.cn/)
2017-06-30 19:07:47 [scrapy.core.scraper] ERROR: Spider error processing <GET http://sky.news.sina.com.cn/2015-11-19/172861302.html> (referer: http://sky.news.sina.com.cn/)
Traceback (most recent call last):
  File "e:\学习工作\学习\java语言程序设计\64λ\python\lib\site-packages\scrapy\utils\defer.py", line 102, in iter_errback
    yield next(it)
  File "e:\学习工作\学习\java语言程序设计\64λ\python\lib\site-packages\scrapy\spidermiddlewares\offsite.py", line 29, in process_spider_output
    for x in result:
  File "e:\学习工作\学习\java语言程序设计\64λ\python\lib\site-packages\scrapy\spidermiddlewares\referer.py", line 339, in <genexpr>
    return (_set_referer(r) for r in result or ())
  File "e:\学习工作\学习\java语言程序设计\64λ\python\lib\site-packages\scrapy\spidermiddlewares\urllength.py", line 37, in <genexpr>
    return (r for r in result or () if _filter(r))
  File "e:\学习工作\学习\java语言程序设计\64λ\python\lib\site-packages\scrapy\spidermiddlewares\depth.py", line 58, in <genexpr>
    return (r for r in result or () if _filter(r))
  File "c:\users\admini~1\appdata\local\temp\myproject-1498820703-3aaana9n.egg\WuLiSpider\spiders\NewsSpider.py", line 43, in parse_detail
    json1 = json.loads(InformationExtraction.getInformationByHtml(response.body.decode()))
UnicodeDecodeError: 'utf-8' codec can't decode byte 0xbb in position 215: invalid start byte
2017-06-30 19:07:48 [scrapy.extensions.logstats] INFO: Crawled 60 pages (at 19 pages/min), scraped 2 items (at 2 items/min)
2017-06-30 19:07:49 [scrapy.core.engine] DEBUG: Crawled (200) <GET http://news.sina.com.cn/o/2017-06-29/doc-ifyhrttz1698328.shtml> (referer: http://news.sina.com.cn)
2017-06-30 19:07:49 [scrapy.core.scraper] DEBUG: Scraped from <200 http://news.sina.com.cn/o/2017-06-29/doc-ifyhrttz1698328.shtml>
None
2017-06-30 19:07:52 [scrapy.core.engine] DEBUG: Crawled (200) <GET http://sky.news.sina.com.cn/2015-11-23/152561309.html> (referer: http://sky.news.sina.com.cn/)
2017-06-30 19:07:52 [scrapy.core.scraper] ERROR: Spider error processing <GET http://sky.news.sina.com.cn/2015-11-23/152561309.html> (referer: http://sky.news.sina.com.cn/)
Traceback (most recent call last):
  File "e:\学习工作\学习\java语言程序设计\64λ\python\lib\site-packages\scrapy\utils\defer.py", line 102, in iter_errback
    yield next(it)
  File "e:\学习工作\学习\java语言程序设计\64λ\python\lib\site-packages\scrapy\spidermiddlewares\offsite.py", line 29, in process_spider_output
    for x in result:
  File "e:\学习工作\学习\java语言程序设计\64λ\python\lib\site-packages\scrapy\spidermiddlewares\referer.py", line 339, in <genexpr>
    return (_set_referer(r) for r in result or ())
  File "e:\学习工作\学习\java语言程序设计\64λ\python\lib\site-packages\scrapy\spidermiddlewares\urllength.py", line 37, in <genexpr>
    return (r for r in result or () if _filter(r))
  File "e:\学习工作\学习\java语言程序设计\64λ\python\lib\site-packages\scrapy\spidermiddlewares\depth.py", line 58, in <genexpr>
    return (r for r in result or () if _filter(r))
  File "c:\users\admini~1\appdata\local\temp\myproject-1498820703-3aaana9n.egg\WuLiSpider\spiders\NewsSpider.py", line 43, in parse_detail
    json1 = json.loads(InformationExtraction.getInformationByHtml(response.body.decode()))
UnicodeDecodeError: 'utf-8' codec can't decode byte 0xd0 in position 215: invalid continuation byte
2017-06-30 19:07:53 [scrapy.core.engine] DEBUG: Crawled (200) <GET http://news.sina.com.cn/o/2017-06-30/doc-ifyhrttz1771168.shtml> (referer: http://news.sina.com.cn)
2017-06-30 19:07:53 [scrapy.core.scraper] DEBUG: Scraped from <200 http://news.sina.com.cn/o/2017-06-30/doc-ifyhrttz1771168.shtml>
None
2017-06-30 19:07:55 [scrapy.core.engine] DEBUG: Crawled (200) <GET http://sky.news.sina.com.cn/2015-12-01/155361326.html> (referer: http://sky.news.sina.com.cn/)
2017-06-30 19:07:55 [scrapy.core.scraper] ERROR: Spider error processing <GET http://sky.news.sina.com.cn/2015-12-01/155361326.html> (referer: http://sky.news.sina.com.cn/)
Traceback (most recent call last):
  File "e:\学习工作\学习\java语言程序设计\64λ\python\lib\site-packages\scrapy\utils\defer.py", line 102, in iter_errback
    yield next(it)
  File "e:\学习工作\学习\java语言程序设计\64λ\python\lib\site-packages\scrapy\spidermiddlewares\offsite.py", line 29, in process_spider_output
    for x in result:
  File "e:\学习工作\学习\java语言程序设计\64λ\python\lib\site-packages\scrapy\spidermiddlewares\referer.py", line 339, in <genexpr>
    return (_set_referer(r) for r in result or ())
  File "e:\学习工作\学习\java语言程序设计\64λ\python\lib\site-packages\scrapy\spidermiddlewares\urllength.py", line 37, in <genexpr>
    return (r for r in result or () if _filter(r))
  File "e:\学习工作\学习\java语言程序设计\64λ\python\lib\site-packages\scrapy\spidermiddlewares\depth.py", line 58, in <genexpr>
    return (r for r in result or () if _filter(r))
  File "c:\users\admini~1\appdata\local\temp\myproject-1498820703-3aaana9n.egg\WuLiSpider\spiders\NewsSpider.py", line 43, in parse_detail
    json1 = json.loads(InformationExtraction.getInformationByHtml(response.body.decode()))
UnicodeDecodeError: 'utf-8' codec can't decode byte 0xbb in position 215: invalid start byte
2017-06-30 19:07:56 [scrapy.core.engine] DEBUG: Crawled (200) <GET http://news.sina.com.cn/o/2017-06-30/doc-ifyhrttz1772698.shtml> (referer: http://news.sina.com.cn)
2017-06-30 19:07:56 [scrapy.core.scraper] DEBUG: Scraped from <200 http://news.sina.com.cn/o/2017-06-30/doc-ifyhrttz1772698.shtml>
None
